2025-10-22 21:17:43 - 开始约束基数
员工: wrk
原始社保基数: 100.00
原始医保基数: 101.00
原始公积金基数: 102.00

约束后社保基数: 100.00
约束后医保基数: 101.00
约束后公积金基数: 102.00
==================================================

2025-10-22 21:19:19 - 开始约束基数
员工: wrk
原始社保基数: 5500.00
原始医保基数: 5500.00
原始公积金基数: 5000.00

约束后社保基数: 5500.00
约束后医保基数: 5500.00
约束后公积金基数: 5000.00
==================================================

2025-10-22 21:39:48 - 开始约束基数
员工: wrk
原始社保基数: 5500.00
原始医保基数: 5500.00
原始公积金基数: 5000.00

约束后社保基数: 333.00
约束后医保基数: 5.00
约束后公积金基数: 5000.00
==================================================

2025-10-22 22:10:13 - 开始约束基数
员工: wrk
原始社保基数: 5500.00
原始医保基数: 5500.00
原始公积金基数: 5000.00

约束后社保基数: 333.00
约束后医保基数: 5.00
约束后公积金基数: 5000.00
==================================================

2025-10-22 22:21:13 - 开始约束基数
员工: wrk
原始社保基数: 5500.00
原始医保基数: 5500.00
原始公积金基数: 5000.00

约束后社保基数: 333.00
约束后医保基数: 5.00
约束后公积金基数: 3001.00
==================================================

2025-10-24 14:41:45 - 开始约束基数
员工: wrk
原始社保基数: 5500.00
原始医保基数: 5500.00
原始公积金基数: 5000.00

约束后社保基数: 1009.00
约束后医保基数: 5.00
约束后公积金基数: 3001.00
==================================================

2025-10-25 14:35:29 - 开始约束基数
员工: wrk
原始社保基数: 5500.00
原始医保基数: 5500.00
原始公积金基数: 5000.00

约束后社保基数: 5500.00
约束后医保基数: 5.00
约束后公积金基数: 5000.00
==================================================

2025-10-25 15:35:56 - 开始约束基数
员工: wrk
原始社保基数: 5500.00
原始医保基数: 5500.00
原始公积金基数: 5000.00

约束后社保基数: 5500.00
约束后医保基数: 5.00
约束后公积金基数: 5000.00
==================================================

2025-11-13 16:51:07 - 开始约束基数
员工: wrk
原始社保基数: 2800.00
原始医保基数: 1002.00
原始公积金基数: 1400.00

约束后社保基数: 3000.00
约束后医保基数: 5.00
约束后公积金基数: 2200.00
==================================================

2025-11-13 20:19:48 - 开始约束基数
员工: wrk
原始社保基数: 3000.00
原始医保基数: 5.00
原始公积金基数: 2200.00

约束后社保基数: 3000.00
约束后医保基数: 5.00
约束后公积金基数: 2200.00
==================================================

2025-11-20 15:17:21 - 开始约束基数
员工: 张三
原始社保基数: 12000.00
原始医保基数: 12000.00
原始公积金基数: 12000.00

约束后社保基数: 12000.00
约束后医保基数: 5.00
约束后公积金基数: 12000.00
==================================================

2025-11-20 15:17:33 - 开始约束基数
员工: wrk
原始社保基数: 2800.00
原始医保基数: 1002.00
原始公积金基数: 1400.00

约束后社保基数: 3000.00
约束后医保基数: 5.00
约束后公积金基数: 2200.00
==================================================

2024-03-22 09:05:08 - 开始约束基数
员工: 张三
原始社保基数: 12000.00
原始医保基数: 12000.00
原始公积金基数: 12000.00

约束后社保基数: 12000.00
约束后医保基数: 12000.00
约束后公积金基数: 12000.00
==================================================

2024-03-22 09:08:00 - 开始约束基数
员工: 张三
原始社保基数: 9000.00
原始医保基数: 6000.00
原始公积金基数: 6000.00

约束后社保基数: 9000.00
约束后医保基数: 6000.00
约束后公积金基数: 6000.00
==================================================

2025-12-15 21:04:17 - 开始约束基数
员工: 张三
原始社保基数: 5000.00
原始医保基数: 5000.00
原始公积金基数: 5000.00

约束后社保基数: 5000.00
约束后医保基数: 5000.00
约束后公积金基数: 5000.00
==================================================

2025-12-15 21:07:04 - 开始约束基数
员工: 张三
原始社保基数: 5000.00
原始医保基数: 5000.00
原始公积金基数: 5000.00

约束后社保基数: 5000.00
约束后医保基数: 5.00
约束后公积金基数: 5000.00
==================================================

2025-12-15 21:19:48 - 开始约束基数
员工: 张三
原始社保基数: 5000.00
原始医保基数: 5000.00
原始公积金基数: 5000.00

约束后社保基数: 5000.00
约束后医保基数: 5.00
约束后公积金基数: 3000.00
==================================================

2025-12-15 21:20:15 - 开始约束基数
员工: 张三
原始社保基数: 5000.00
原始医保基数: 5000.00
原始公积金基数: 5000.00

约束后社保基数: 5000.00
约束后医保基数: 5.00
约束后公积金基数: 3000.00
==================================================

2025-12-15 21:34:51 - 开始约束基数
员工: 张三
原始社保基数: 5000.00
原始医保基数: 5000.00
原始公积金基数: 5000.00

约束后社保基数: 5000.00
约束后医保基数: 5.00
约束后公积金基数: 5000.00
==================================================

2025-12-15 21:36:52 - 开始约束基数
员工: 张三
原始社保基数: 5000.00
原始医保基数: 5000.00
原始公积金基数: 5000.00

约束后社保基数: 5000.00
约束后医保基数: 5.00
约束后公积金基数: 5000.00
==================================================

2025-12-15 21:38:07 - 开始约束基数
员工: 张三
原始社保基数: 5000.00
原始医保基数: 5000.00
原始公积金基数: 5000.00

约束后社保基数: 5000.00
约束后医保基数: 5.00
约束后公积金基数: 5000.00
==================================================

2025-12-15 22:41:02 - 开始约束基数
员工: 张三
原始社保基数: 5000.00
原始医保基数: 5000.00
原始公积金基数: 5000.00

约束后社保基数: 5000.00
约束后医保基数: 5.00
约束后公积金基数: 5000.00
==================================================

2025-12-15 22:41:39 - 开始约束基数
员工: wrk
原始社保基数: 12000.00
原始医保基数: 12000.00
原始公积金基数: 12000.00

约束后社保基数: 12000.00
约束后医保基数: 5.00
约束后公积金基数: 12000.00
==================================================

2025-12-15 22:57:09 - 开始约束基数
员工: 张三
原始社保基数: 5000.00
原始医保基数: 5000.00
原始公积金基数: 5000.00

约束后社保基数: 5000.00
约束后医保基数: 5.00
约束后公积金基数: 5000.00
==================================================

2025-12-15 22:58:54 - 开始约束基数
员工: wrk
原始社保基数: 12000.00
原始医保基数: 12000.00
原始公积金基数: 12000.00

约束后社保基数: 12000.00
约束后医保基数: 5.00
约束后公积金基数: 12000.00
==================================================

2025-12-15 22:59:43 - 开始约束基数
员工: 张三
原始社保基数: 5000.00
原始医保基数: 5000.00
原始公积金基数: 5000.00

约束后社保基数: 5000.00
约束后医保基数: 5.00
约束后公积金基数: 5000.00
==================================================

2025-12-15 23:01:23 - 开始约束基数
员工: wrk
原始社保基数: 12000.00
原始医保基数: 12000.00
原始公积金基数: 12000.00

约束后社保基数: 12000.00
约束后医保基数: 5.00
约束后公积金基数: 12000.00
==================================================

2025-12-15 23:01:25 - 开始约束基数
员工: 张三
原始社保基数: 5000.00
原始医保基数: 5000.00
原始公积金基数: 5000.00

约束后社保基数: 5000.00
约束后医保基数: 5.00
约束后公积金基数: 5000.00
==================================================

2025-12-15 23:10:44 - 开始约束基数
员工: wrk
原始社保基数: 12000.00
原始医保基数: 12000.00
原始公积金基数: 12000.00

约束后社保基数: 12000.00
约束后医保基数: 5.00
约束后公积金基数: 12000.00
==================================================

2025-12-15 23:10:47 - 开始约束基数
员工: 张三
原始社保基数: 5000.00
原始医保基数: 5000.00
原始公积金基数: 5000.00

约束后社保基数: 5000.00
约束后医保基数: 5.00
约束后公积金基数: 5000.00
==================================================

2025-12-15 23:11:20 - 开始约束基数
员工: 张三
原始社保基数: 5000.00
原始医保基数: 5000.00
原始公积金基数: 5000.00

约束后社保基数: 5000.00
约束后医保基数: 5.00
约束后公积金基数: 5000.00
==================================================

2025-12-15 23:20:37 - 开始约束基数
员工: 张三
原始社保基数: 5000.00
原始医保基数: 5000.00
原始公积金基数: 5000.00

约束后社保基数: 5000.00
约束后医保基数: 5.00
约束后公积金基数: 5000.00
==================================================

2025-12-15 23:26:29 - 开始约束基数
员工: 张三
原始社保基数: 5000.00
原始医保基数: 5000.00
原始公积金基数: 5000.00

约束后社保基数: 5000.00
约束后医保基数: 5.00
约束后公积金基数: 5000.00
==================================================

2025-12-15 23:26:58 - 开始约束基数
员工: 张三
原始社保基数: 5000.00
原始医保基数: 5000.00
原始公积金基数: 5000.00

约束后社保基数: 5000.00
约束后医保基数: 5.00
约束后公积金基数: 5000.00
==================================================

2025-12-15 23:32:28 - 开始约束基数
员工: 张三
原始社保基数: 5000.00
原始医保基数: 5000.00
原始公积金基数: 5000.00

约束后社保基数: 5000.00
约束后医保基数: 5.00
约束后公积金基数: 5000.00
==================================================

2025-12-15 23:37:41 - 开始约束基数
员工: 张三
原始社保基数: 5000.00
原始医保基数: 5000.00
原始公积金基数: 5000.00

约束后社保基数: 5000.00
约束后医保基数: 5.00
约束后公积金基数: 5000.00
==================================================

2025-12-19 00:05:25 - 开始约束基数
员工: 张三
原始社保基数: 5000.00
原始医保基数: 5000.00
原始公积金基数: 5000.00

约束后社保基数: 5000.00
约束后医保基数: 5.00
约束后公积金基数: 5000.00
==================================================

2025-12-19 00:15:20 - 开始约束基数
员工: 张三
原始社保基数: 5000.00
原始医保基数: 5000.00
原始公积金基数: 5000.00

约束后社保基数: 5000.00
约束后医保基数: 5.00
约束后公积金基数: 5000.00
==================================================

2025-12-19 00:18:26 - 开始约束基数
员工: 张三
原始社保基数: 5000.00
原始医保基数: 5000.00
原始公积金基数: 5000.00

约束后社保基数: 5000.00
约束后医保基数: 5.00
约束后公积金基数: 5000.00
==================================================

2026-01-19 01:00:06 - 开始约束基数
员工: 测试员工
原始社保基数: 111.00
原始医保基数: 111.00
原始公积金基数: 111.00

约束后社保基数: 3000.00
约束后医保基数: 5.00
约束后公积金基数: 2200.00
==================================================

2025-12-19 01:13:26 - 开始约束基数
员工: 11
原始社保基数: 1111.00
原始医保基数: 11111.00
原始公积金基数: 111.00

约束后社保基数: 3000.00
约束后医保基数: 5.00
约束后公积金基数: 1000.00
==================================================

2025-12-19 01:15:11 - 开始约束基数
员工: 11
原始社保基数: 1111.00
原始医保基数: 11111.00
原始公积金基数: 111.00

约束后社保基数: 3000.00
约束后医保基数: 5.00
约束后公积金基数: 1000.00
==================================================

2025-12-19 01:26:15 - 开始约束基数
员工: 11
原始社保基数: 1111.00
原始医保基数: 11111.00
原始公积金基数: 111.00

约束后社保基数: 3000.00
约束后医保基数: 5.00
约束后公积金基数: 1000.00
==================================================

2025-12-19 01:29:05 - 开始约束基数
员工: 888
原始社保基数: 0
原始医保基数: 0
原始公积金基数: 0

约束后社保基数: 0
约束后医保基数: 0
约束后公积金基数: 0
==================================================

2025-12-19 01:37:59 - 开始约束基数
员工: 张三11
原始社保基数: 222.00
原始医保基数: 5000.00
原始公积金基数: 5000.00

约束后社保基数: 3000.00
约束后医保基数: 5.00
约束后公积金基数: 5000.00
==================================================

2025-12-19 09:59:37 - 开始约束基数
员工: 去1
原始社保基数: 5000.00
原始医保基数: 5000.00
原始公积金基数: 5000.00

约束后社保基数: 5000.00
约束后医保基数: 5.00
约束后公积金基数: 5000.00
==================================================

2025-12-19 14:50:55 - 开始约束基数
员工: 张三
原始社保基数: 5000.00
原始医保基数: 5000.00
原始公积金基数: 5000.00

约束后社保基数: 5000.00
约束后医保基数: 5.00
约束后公积金基数: 5000.00
==================================================

2025-12-19 19:39:06 - 开始约束基数
员工: 张三1
原始社保基数: 5000.00
原始医保基数: 5000.00
原始公积金基数: 5000.00

约束后社保基数: 5000.00
约束后医保基数: 5.00
约束后公积金基数: 5000.00
==================================================

2026-03-19 19:43:24 - 开始约束基数
员工: 张三1
原始社保基数: 5000.00
原始医保基数: 5000.00
原始公积金基数: 5000.00

约束后社保基数: 5000.00
约束后医保基数: 5.00
约束后公积金基数: 5000.00
==================================================

2026-03-19 19:59:49 - 开始约束基数
员工: 张三12
原始社保基数: 5000.00
原始医保基数: 5000.00
原始公积金基数: 5000.00

约束后社保基数: 5000.00
约束后医保基数: 5.00
约束后公积金基数: 5000.00
==================================================

2025-12-19 20:05:00 - 开始约束基数
员工: 抢券
原始社保基数: 5000.00
原始医保基数: 5000.00
原始公积金基数: 5000.00

约束后社保基数: 5000.00
约束后医保基数: 5.00
约束后公积金基数: 5000.00
==================================================

2025-12-19 20:08:41 - 开始约束基数
员工: 1
原始社保基数: 5000.00
原始医保基数: 5000.00
原始公积金基数: 5000.00

约束后社保基数: 5000.00
约束后医保基数: 5.00
约束后公积金基数: 5000.00
==================================================

2026-02-19 20:12:47 - 开始约束基数
员工: 2
原始社保基数: 5000.00
原始医保基数: 5000.00
原始公积金基数: 5000.00

约束后社保基数: 5000.00
约束后医保基数: 5.00
约束后公积金基数: 5000.00
==================================================

2026-02-19 20:18:02 - 开始约束基数
员工: 2
原始社保基数: 5000.00
原始医保基数: 5000.00
原始公积金基数: 5000.00

约束后社保基数: 5000.00
约束后医保基数: 5.00
约束后公积金基数: 5000.00
==================================================

2026-02-19 20:23:28 - 开始约束基数
员工: 张三
原始社保基数: 5000.00
原始医保基数: 5000.00
原始公积金基数: 5000.00

约束后社保基数: 5000.00
约束后医保基数: 5.00
约束后公积金基数: 5000.00
==================================================

2026-04-19 20:24:55 - 开始约束基数
员工: 张三
原始社保基数: 5000.00
原始医保基数: 5000.00
原始公积金基数: 5000.00

约束后社保基数: 5000.00
约束后医保基数: 5.00
约束后公积金基数: 5000.00
==================================================

2026-01-01 19:59:58 - 开始约束基数
员工: 张三
原始社保基数: 5000.00
原始医保基数: 5000.00
原始公积金基数: 5000.00

约束后社保基数: 5000.00
约束后医保基数: 5.00
约束后公积金基数: 3000.00
==================================================

2026-01-01 20:12:08 - 开始约束基数
员工: 张三
原始社保基数: 5000.00
原始医保基数: 5000.00
原始公积金基数: 5000.00

约束后社保基数: 5000.00
约束后医保基数: 5.00
约束后公积金基数: 3000.00
==================================================

2026-01-01 20:20:49 - 开始约束基数
员工: 张三
原始社保基数: 5000.00
原始医保基数: 5000.00
原始公积金基数: 5000.00

约束后社保基数: 5000.00
约束后医保基数: 5.00
约束后公积金基数: 3000.00
==================================================

2026-01-01 20:23:41 - 开始约束基数
员工: 张三
原始社保基数: 5000.00
原始医保基数: 5000.00
原始公积金基数: 5000.00

约束后社保基数: 5000.00
约束后医保基数: 5.00
约束后公积金基数: 3000.00
==================================================

2026-01-01 20:27:06 - 开始约束基数
员工: 张三
原始社保基数: 5000.00
原始医保基数: 5000.00
原始公积金基数: 5000.00

约束后社保基数: 5000.00
约束后医保基数: 5.00
约束后公积金基数: 3000.00
==================================================

2026-01-01 20:28:06 - 开始约束基数
员工: 张三
原始社保基数: 5000.00
原始医保基数: 5000.00
原始公积金基数: 5000.00

约束后社保基数: 5000.00
约束后医保基数: 5.00
约束后公积金基数: 3001.00
==================================================

2026-01-01 20:39:27 - 开始约束基数
员工: 张三
原始社保基数: 5000.00
原始医保基数: 5000.00
原始公积金基数: 5000.00

约束后社保基数: 5000.00
约束后医保基数: 5.00
约束后公积金基数: 3001.00
==================================================

2026-01-01 22:32:42 - 开始约束基数
员工: 张三
原始社保基数: 5000.00
原始医保基数: 5000.00
原始公积金基数: 5000.00

约束后社保基数: 5000.00
约束后医保基数: 5.00
约束后公积金基数: 3007.00
==================================================

2026-01-01 22:45:31 - 开始约束基数
员工: 张三
原始社保基数: 5000.00
原始医保基数: 5000.00
原始公积金基数: 5000.00

约束后社保基数: 5000.00
约束后医保基数: 5.00
约束后公积金基数: 3008.00
==================================================

2026-01-01 22:51:14 - 开始约束基数
员工: 张三
原始社保基数: 5000.00
原始医保基数: 5000.00
原始公积金基数: 5000.00

约束后社保基数: 5000.00
约束后医保基数: 5.00
约束后公积金基数: 3008.00
==================================================

2026-01-11 22:56:08 - 开始约束基数
员工: 张三
原始社保基数: 5000.00
原始医保基数: 5000.00
原始公积金基数: 5000.00

约束后社保基数: 5000.00
约束后医保基数: 5.00
约束后公积金基数: 3008.00
==================================================

2026-01-11 22:56:25 - 开始约束基数
员工: 张三
原始社保基数: 5000.00
原始医保基数: 5000.00
原始公积金基数: 5000.00

约束后社保基数: 5000.00
约束后医保基数: 5.00
约束后公积金基数: 3009.00
==================================================

2026-01-11 23:43:39 - 开始约束基数
员工: 张三
原始社保基数: 5000.00
原始医保基数: 5000.00
原始公积金基数: 5000.00

约束后社保基数: 5000.00
约束后医保基数: 5.00
约束后公积金基数: 3009.00
==================================================

2026-01-11 23:45:27 - 开始约束基数
员工: 张三
原始社保基数: 5000.00
原始医保基数: 5000.00
原始公积金基数: 5000.00

约束后社保基数: 5000.00
约束后医保基数: 5.00
约束后公积金基数: 3009.00
==================================================

2026-01-29 17:21:53 - 开始约束基数
员工: 王下和
原始社保基数: 5000.00
原始医保基数: 5000.00
原始公积金基数: 5000.00

约束后社保基数: 5000.00
约束后医保基数: 5.00
约束后公积金基数: 5000.00
==================================================

2026-01-29 18:08:33 - 开始约束基数
员工: 王下和
原始社保基数: 5000.00
原始医保基数: 5000.00
原始公积金基数: 5000.00

约束后社保基数: 5000.00
约束后医保基数: 5.00
约束后公积金基数: 5000.00
==================================================

2026-03-07 16:45:50 - 开始约束基数
员工: 张三1饿
原始社保基数: 5000.00
原始医保基数: 5000.00
原始公积金基数: 5000.00

约束后社保基数: 5000.00
约束后医保基数: 5.00
约束后公积金基数: 5000.00
==================================================

2026-03-07 16:46:07 - 开始约束基数
员工: 张三问问
原始社保基数: 5000.00
原始医保基数: 5000.00
原始公积金基数: 5000.00

约束后社保基数: 5000.00
约束后医保基数: 5.00
约束后公积金基数: 5000.00
==================================================

