2026-01-16 00:49:45,798 - main.py[line:20] - ERROR: 程序发生了错误:

Exception Type: AttributeError
Exception Value: worker
details: version:2.0.13
Traceback (most recent call last):
  File "app\ui\menu\export.py", line 290, in closeEvent
AttributeError: worker

未知错误类型，可参考 https://memotrace.cn/doc/posts/error/faq.html 解决该问题
温馨提示：重启电脑可解决80%的问题

您可添加QQ群:892037851发送日志文件以便解决该问题
入群密码：memotrace0806
2026-01-16 00:51:02,777 - main.py[line:20] - ERROR: 程序发生了错误:

Exception Type: AttributeError
Exception Value: worker
details: version:2.0.13
Traceback (most recent call last):
  File "app\ui\menu\export.py", line 290, in closeEvent
AttributeError: worker

未知错误类型，可参考 https://memotrace.cn/doc/posts/error/faq.html 解决该问题
温馨提示：重启电脑可解决80%的问题

您可添加QQ群:892037851发送日志文件以便解决该问题
入群密码：memotrace0806
2026-01-16 00:51:28,464 - main.py[line:20] - ERROR: 程序发生了错误:

Exception Type: AttributeError
Exception Value: worker
details: version:2.0.13
Traceback (most recent call last):
  File "app\ui\menu\export.py", line 290, in closeEvent
AttributeError: worker

未知错误类型，可参考 https://memotrace.cn/doc/posts/error/faq.html 解决该问题
温馨提示：重启电脑可解决80%的问题

您可添加QQ群:892037851发送日志文件以便解决该问题
入群密码：memotrace0806
2026-01-16 00:55:18,572 - compress_content.py[line:167] - ERROR: <?xml version="1.0"?>
<msg>
	<appmsg appid="" sdkver="0">
		<title>对的每个月都要</title>
		<type>57</type>
		<appattach>
			<cdnthumbaeskey />
			<aeskey />
		</appattach>
	</appmsg>
	<fromusername>wxid_qd7bt8scke3522</fromusername>
	<scene>0</scene>
	<appinfo>
		<version>1</version>
		<appname></appname>
	</appinfo>
	<commenturl></commenturl>
</msg>


引用消息解析错误
Traceback (most recent call last):
  File "app\util\compress_content.py", line 92, in parser_reply
AttributeError: 'NoneType' object has no attribute 'find'

2026-01-16 01:04:58,532 - compress_content.py[line:167] - ERROR: <?xml version="1.0"?>
<msg>
	<appmsg appid="" sdkver="0">
		<title>对的每个月都要</title>
		<type>57</type>
		<appattach>
			<cdnthumbaeskey />
			<aeskey />
		</appattach>
	</appmsg>
	<fromusername>wxid_qd7bt8scke3522</fromusername>
	<scene>0</scene>
	<appinfo>
		<version>1</version>
		<appname></appname>
	</appinfo>
	<commenturl></commenturl>
</msg>


引用消息解析错误
Traceback (most recent call last):
  File "app\util\compress_content.py", line 92, in parser_reply
AttributeError: 'NoneType' object has no attribute 'find'

2026-01-16 01:08:24,373 - compress_content.py[line:167] - ERROR: <?xml version="1.0"?>
<msg>
	<appmsg appid="" sdkver="0">
		<title>对的每个月都要</title>
		<type>57</type>
		<appattach>
			<cdnthumbaeskey />
			<aeskey />
		</appattach>
	</appmsg>
	<fromusername>wxid_qd7bt8scke3522</fromusername>
	<scene>0</scene>
	<appinfo>
		<version>1</version>
		<appname></appname>
	</appinfo>
	<commenturl></commenturl>
</msg>


引用消息解析错误
Traceback (most recent call last):
  File "app\util\compress_content.py", line 92, in parser_reply
AttributeError: 'NoneType' object has no attribute 'find'

2026-01-16 01:09:37,512 - compress_content.py[line:167] - ERROR: <?xml version="1.0"?>
<msg>
	<appmsg appid="" sdkver="0">
		<title>对的每个月都要</title>
		<type>57</type>
		<appattach>
			<cdnthumbaeskey />
			<aeskey />
		</appattach>
	</appmsg>
	<fromusername>wxid_qd7bt8scke3522</fromusername>
	<scene>0</scene>
	<appinfo>
		<version>1</version>
		<appname></appname>
	</appinfo>
	<commenturl></commenturl>
</msg>


引用消息解析错误
Traceback (most recent call last):
  File "app\util\compress_content.py", line 92, in parser_reply
AttributeError: 'NoneType' object has no attribute 'find'

2026-01-16 01:10:14,499 - compress_content.py[line:167] - ERROR: <?xml version="1.0"?>
<msg>
	<appmsg appid="" sdkver="0">
		<title>对的每个月都要</title>
		<type>57</type>
		<appattach>
			<cdnthumbaeskey />
			<aeskey />
		</appattach>
	</appmsg>
	<fromusername>wxid_qd7bt8scke3522</fromusername>
	<scene>0</scene>
	<appinfo>
		<version>1</version>
		<appname></appname>
	</appinfo>
	<commenturl></commenturl>
</msg>


引用消息解析错误
Traceback (most recent call last):
  File "app\util\compress_content.py", line 92, in parser_reply
AttributeError: 'NoneType' object has no attribute 'find'

2026-01-16 01:22:25,899 - compress_content.py[line:167] - ERROR: <?xml version="1.0"?>
<msg>
	<appmsg appid="" sdkver="0">
		<title>对的每个月都要</title>
		<type>57</type>
		<appattach>
			<cdnthumbaeskey />
			<aeskey />
		</appattach>
	</appmsg>
	<fromusername>wxid_qd7bt8scke3522</fromusername>
	<scene>0</scene>
	<appinfo>
		<version>1</version>
		<appname></appname>
	</appinfo>
	<commenturl></commenturl>
</msg>


引用消息解析错误
Traceback (most recent call last):
  File "app\util\compress_content.py", line 92, in parser_reply
AttributeError: 'NoneType' object has no attribute 'find'

2026-01-16 01:24:34,077 - compress_content.py[line:167] - ERROR: <?xml version="1.0"?>
<msg>
	<appmsg appid="" sdkver="0">
		<title>对的每个月都要</title>
		<type>57</type>
		<appattach>
			<cdnthumbaeskey />
			<aeskey />
		</appattach>
	</appmsg>
	<fromusername>wxid_qd7bt8scke3522</fromusername>
	<scene>0</scene>
	<appinfo>
		<version>1</version>
		<appname></appname>
	</appinfo>
	<commenturl></commenturl>
</msg>


引用消息解析错误
Traceback (most recent call last):
  File "app\util\compress_content.py", line 92, in parser_reply
AttributeError: 'NoneType' object has no attribute 'find'

2026-01-16 01:24:52,729 - compress_content.py[line:167] - ERROR: <?xml version="1.0"?>
<msg>
	<appmsg appid="" sdkver="0">
		<title>对的每个月都要</title>
		<type>57</type>
		<appattach>
			<cdnthumbaeskey />
			<aeskey />
		</appattach>
	</appmsg>
	<fromusername>wxid_qd7bt8scke3522</fromusername>
	<scene>0</scene>
	<appinfo>
		<version>1</version>
		<appname></appname>
	</appinfo>
	<commenturl></commenturl>
</msg>


引用消息解析错误
Traceback (most recent call last):
  File "app\util\compress_content.py", line 92, in parser_reply
AttributeError: 'NoneType' object has no attribute 'find'

2026-01-16 01:26:53,488 - compress_content.py[line:167] - ERROR: <msg>
    <fromusername>wxid_ay3fjrlx6rag22</fromusername>
    <scene>0</scene>
    <commenturl></commenturl>
    <appmsg appid="" sdkver="0">
        <title>打错字了</title>
        <des></des>
        <action>view</action>
        <type>57</type>
        <showtype>0</showtype>
        <content></content>
        <url></url>
        <dataurl></dataurl>
        <lowurl></lowurl>
        <lowdataurl></lowdataurl>
        <recorditem></recorditem>
        <thumburl></thumburl>
        <messageaction></messageaction>
        <laninfo></laninfo>
        <refermsg>
            <type>1</type>
            <svrid>9043991133870947262</svrid>
            <fromusr>wxid_ay3fjrlx6rag22</fromusr>
            <chatusr>wxid_ay3fjrlx6rag22</chatusr>
            <createtime>1748570016</createtime>
            <msgsource>&lt;msgsource&gt;&#x0A;    &lt;pua&gt;1&lt;/pua&gt;&#x0A;    &lt;eggIncluded&gt;1&lt;/eggIncluded&gt;&#x0A;    &lt;signature&gt;N0_V1_0NtBaYDK|v1_UluSmepi&lt;/signature&gt;&#x0A;    &lt;tmp_node&gt;&#x0A;        &lt;publisher-id /&gt;&#x0A;    &lt;/tmp_node&gt;&#x0A;    &lt;sec_msg_node&gt;&#x0A;        &lt;alnode&gt;&#x0A;            &lt;fr&gt;1&lt;/fr&gt;&#x0A;        &lt;/alnode&gt;&#x0A;    &lt;/sec_msg_node&gt;&#x0A;&lt;/msgsource&gt;&#x0A;</msgsource>
            <content>同时拍的</content>
        </refermsg>
        <extinfo></extinfo>
        <sourceusername></sourceusername>
        <sourcedisplayname></sourcedisplayname>
        <commenturl></commenturl>
        <appattach>
            <totallen>0</totallen>
            <attachid></attachid>
            <emoticonmd5></emoticonmd5>
            <fileext></fileext>
            <aeskey></aeskey>
        </appattach>
        <webviewshared>
            <publisherId></publisherId>
            <publisherReqId>0</publisherReqId>
        </webviewshared>
        <weappinfo>
            <pagepath></pagepath>
            <username></username>
            <appid></appid>
            <appservicetype>0</appservicetype>
        </weappinfo>
        <websearch />
    </appmsg>
    <appinfo>
        <version>1</version>
        <appname>Window wechat</appname>
    </appinfo>
</msg>


引用消息解析错误
Traceback (most recent call last):
  File "app\util\compress_content.py", line 94, in parser_reply
AttributeError: 'NoneType' object has no attribute 'text'

2026-01-16 01:26:54,998 - compress_content.py[line:167] - ERROR: <msg>
    <fromusername>wxid_ay3fjrlx6rag22</fromusername>
    <scene>0</scene>
    <commenturl></commenturl>
    <appmsg appid="" sdkver="0">
        <title>哥，你开价吧，我不太熟</title>
        <des></des>
        <action>view</action>
        <type>57</type>
        <showtype>0</showtype>
        <content></content>
        <url></url>
        <dataurl></dataurl>
        <lowurl></lowurl>
        <lowdataurl></lowdataurl>
        <recorditem></recorditem>
        <thumburl></thumburl>
        <messageaction></messageaction>
        <laninfo></laninfo>
        <refermsg>
            <type>1</type>
            <svrid>5929049736354280882</svrid>
            <fromusr>wxid_bwj32t63pxc222</fromusr>
            <chatusr />
            <createtime>1744980692</createtime>
            <msgsource>&lt;msgsource&gt;&#x0A;    &lt;pua&gt;1&lt;/pua&gt;&#x0A;    &lt;eggIncluded&gt;1&lt;/eggIncluded&gt;&#x0A;    &lt;signature&gt;N0_V1_LIaedGFC|v1_C0cq5LX4&lt;/signature&gt;&#x0A;    &lt;tmp_node&gt;&#x0A;        &lt;publisher-id /&gt;&#x0A;    &lt;/tmp_node&gt;&#x0A;    &lt;sec_msg_node&gt;&#x0A;        &lt;alnode&gt;&#x0A;            &lt;fr&gt;1&lt;/fr&gt;&#x0A;        &lt;/alnode&gt;&#x0A;    &lt;/sec_msg_node&gt;&#x0A;&lt;/msgsource&gt;&#x0A;</msgsource>
            <content>你估计大概多少钱</content>
        </refermsg>
        <extinfo></extinfo>
        <sourceusername></sourceusername>
        <sourcedisplayname></sourcedisplayname>
        <commenturl></commenturl>
        <appattach>
            <totallen>0</totallen>
            <attachid></attachid>
            <emoticonmd5></emoticonmd5>
            <fileext></fileext>
            <aeskey></aeskey>
        </appattach>
        <webviewshared>
            <publisherId></publisherId>
            <publisherReqId>0</publisherReqId>
        </webviewshared>
        <weappinfo>
            <pagepath></pagepath>
            <username></username>
            <appid></appid>
            <appservicetype>0</appservicetype>
        </weappinfo>
        <websearch />
    </appmsg>
    <appinfo>
        <version>1</version>
        <appname>Window wechat</appname>
    </appinfo>
</msg>


引用消息解析错误
Traceback (most recent call last):
  File "app\util\compress_content.py", line 94, in parser_reply
AttributeError: 'NoneType' object has no attribute 'text'

2026-01-16 01:26:55,005 - compress_content.py[line:167] - ERROR: <msg>
    <fromusername>wxid_ay3fjrlx6rag22</fromusername>
    <scene>0</scene>
    <commenturl></commenturl>
    <appmsg appid="" sdkver="0">
        <title>我照着论文的那个查重报告的样子，搞了一份</title>
        <des></des>
        <action>view</action>
        <type>57</type>
        <showtype>0</showtype>
        <content></content>
        <url></url>
        <dataurl></dataurl>
        <lowurl></lowurl>
        <lowdataurl></lowdataurl>
        <recorditem></recorditem>
        <thumburl></thumburl>
        <messageaction></messageaction>
        <laninfo></laninfo>
        <refermsg>
            <type>49</type>
            <svrid>1210695519299694706</svrid>
            <fromusr>wxid_ay3fjrlx6rag22</fromusr>
            <chatusr>wxid_ay3fjrlx6rag22</chatusr>
            <createtime>1745841234</createtime>
            <msgsource>&lt;msgsource&gt;&#x0A;    &lt;sec_msg_node&gt;&#x0A;        &lt;uuid&gt;3b9bbfefccbf7ea15874cf2dad11820f_&lt;/uuid&gt;&#x0A;        &lt;risk-file-flag /&gt;&#x0A;        &lt;risk-file-md5-list /&gt;&#x0A;        &lt;alnode&gt;&#x0A;            &lt;fr&gt;1&lt;/fr&gt;&#x0A;        &lt;/alnode&gt;&#x0A;    &lt;/sec_msg_node&gt;&#x0A;&lt;/msgsource&gt;&#x0A;</msgsource>
            <content>&lt;msg&gt;&#x0A;    &lt;fromusername&gt;wxid_ay3fjrlx6rag22&lt;/fromusername&gt;&#x0A;    &lt;scene&gt;0&lt;/scene&gt;&#x0A;    &lt;commenturl&gt;&lt;/commenturl&gt;&#x0A;    &lt;appmsg appid=&quot;wx6618f1cfc6c132f8&quot; sdkver=&quot;0&quot;&gt;&#x0A;        &lt;title&gt;检测报告.docx&lt;/title&gt;&#x0A;        &lt;des&gt;&lt;/des&gt;&#x0A;        &lt;action&gt;view&lt;/action&gt;&#x0A;        &lt;type&gt;6&lt;/type&gt;&#x0A;        &lt;showtype&gt;0&lt;/showtype&gt;&#x0A;        &lt;content&gt;&lt;/content&gt;&#x0A;        &lt;url&gt;&lt;/url&gt;&#x0A;        &lt;dataurl&gt;&lt;/dataurl&gt;&#x0A;        &lt;lowurl&gt;&lt;/lowurl&gt;&#x0A;        &lt;lowdataurl&gt;&lt;/lowdataurl&gt;&#x0A;        &lt;recorditem&gt;&lt;/recorditem&gt;&#x0A;        &lt;thumburl&gt;&lt;/thumburl&gt;&#x0A;        &lt;messageaction&gt;&lt;/messageaction&gt;&#x0A;        &lt;laninfo&gt;&lt;/laninfo&gt;&#x0A;        &lt;md5&gt;58424d9087031c788f4b5852aea3a2d0&lt;/md5&gt;&#x0A;        &lt;extinfo&gt;&lt;/extinfo&gt;&#x0A;        &lt;sourceusername&gt;&lt;/sourceusername&gt;&#x0A;        &lt;sourcedisplayname&gt;&lt;/sourcedisplayname&gt;&#x0A;        &lt;commenturl&gt;&lt;/commenturl&gt;&#x0A;        &lt;appattach&gt;&#x0A;            &lt;totallen&gt;14919&lt;/totallen&gt;&#x0A;            &lt;attachid&gt;@cdn_3057020100044b304902010002041bb4458402032e6c630204c8ab016f0204680f6c53042432343634663231352d356462382d343863342d393635342d3364613164353862326363660204051400050201000405004c4e6300_f9ad77a3efacbacc2ff8c9f26bef29dc_1&lt;/attachid&gt;&#x0A;            &lt;emoticonmd5&gt;&lt;/emoticonmd5&gt;&#x0A;            &lt;fileext&gt;docx&lt;/fileext&gt;&#x0A;            &lt;fileuploadtoken&gt;v1_e55shEzcP9/73uH5yjpKDUatUFzuitqPYeWLjqid7sSes2Q8sfxdk98cOm6reW/lTtoXtRfrmIiagJsdTVJTITFJ4olLZ5UtRJEIUv7t5h1vU3hcsyjXdYfAOazO6FcP51SNALfWMTl2a0JPjKRIQEp060LxB5i/6Escf5r86CO4t1JUaUHg8m5QmPGMaAJyvNOXJYkO9KXO4B8+uXsz4GDCvBA9BsIJ9GWP7ZU=&lt;/fileuploadtoken&gt;&#x0A;            &lt;overwrite_newmsgid&gt;4607971378776590196&lt;/overwrite_newmsgid&gt;&#x0A;            &lt;filekey&gt;b723b6cdb6b76b29609cacd12795d77d&lt;/filekey&gt;&#x0A;            &lt;cdnattachurl&gt;3057020100044b304902010002041bb4458402032e6c630204c8ab016f0204680f6c53042432343634663231352d356462382d343863342d393635342d3364613164353862326363660204051400050201000405004c4e6300&lt;/cdnattachurl&gt;&#x0A;            &lt;aeskey&gt;f9ad77a3efacbacc2ff8c9f26bef29dc&lt;/aeskey&gt;&#x0A;            &lt;encryver&gt;1&lt;/encryver&gt;&#x0A;        &lt;/appattach&gt;&#x0A;        &lt;webviewshared&gt;&#x0A;            &lt;publisherId&gt;&lt;/publisherId&gt;&#x0A;            &lt;publisherReqId&gt;0&lt;/publisherReqId&gt;&#x0A;        &lt;/webviewshared&gt;&#x0A;        &lt;weappinfo&gt;&#x0A;            &lt;pagepath&gt;&lt;/pagepath&gt;&#x0A;            &lt;username&gt;&lt;/username&gt;&#x0A;            &lt;appid&gt;&lt;/appid&gt;&#x0A;            &lt;appservicetype&gt;0&lt;/appservicetype&gt;&#x0A;        &lt;/weappinfo&gt;&#x0A;        &lt;websearch /&gt;&#x0A;    &lt;/appmsg&gt;&#x0A;    &lt;appinfo&gt;&#x0A;        &lt;version&gt;1&lt;/version&gt;&#x0A;        &lt;appname&gt;Window wechat&lt;/appname&gt;&#x0A;    &lt;/appinfo&gt;&#x0A;&lt;/msg&gt;&#x0A;</content>
        </refermsg>
        <extinfo></extinfo>
        <sourceusername></sourceusername>
        <sourcedisplayname></sourcedisplayname>
        <commenturl></commenturl>
        <appattach>
            <totallen>0</totallen>
            <attachid></attachid>
            <emoticonmd5></emoticonmd5>
            <fileext></fileext>
            <aeskey></aeskey>
        </appattach>
        <webviewshared>
            <publisherId></publisherId>
            <publisherReqId>0</publisherReqId>
        </webviewshared>
        <weappinfo>
            <pagepath></pagepath>
            <username></username>
            <appid></appid>
            <appservicetype>0</appservicetype>
        </weappinfo>
        <websearch />
    </appmsg>
    <appinfo>
        <version>1</version>
        <appname>Window wechat</appname>
    </appinfo>
</msg>


引用消息解析错误
Traceback (most recent call last):
  File "app\util\compress_content.py", line 94, in parser_reply
AttributeError: 'NoneType' object has no attribute 'text'

2026-01-16 01:26:55,011 - compress_content.py[line:167] - ERROR: <msg>
    <fromusername>wxid_ay3fjrlx6rag22</fromusername>
    <scene>0</scene>
    <commenturl></commenturl>
    <appmsg appid="" sdkver="0">
        <title>还有这个地方，用户回复消息后，后端返回的y_id字段好像是0</title>
        <des></des>
        <action>view</action>
        <type>57</type>
        <showtype>0</showtype>
        <content></content>
        <url></url>
        <dataurl></dataurl>
        <lowurl></lowurl>
        <lowdataurl></lowdataurl>
        <recorditem></recorditem>
        <thumburl></thumburl>
        <messageaction></messageaction>
        <laninfo></laninfo>
        <refermsg>
            <type>3</type>
            <svrid>7989738848763671501</svrid>
            <fromusr>wxid_ay3fjrlx6rag22</fromusr>
            <chatusr>wxid_ay3fjrlx6rag22</chatusr>
            <createtime>1749038884</createtime>
            <msgsource>&lt;msgsource&gt;&#x0A;    &lt;sec_msg_node&gt;&#x0A;        &lt;alnode&gt;&#x0A;            &lt;fr&gt;1&lt;/fr&gt;&#x0A;        &lt;/alnode&gt;&#x0A;        &lt;uuid&gt;95148483c78d9cc9fdb6007663c6e178_&lt;/uuid&gt;&#x0A;    &lt;/sec_msg_node&gt;&#x0A;&lt;/msgsource&gt;&#x0A;</msgsource>
            <content>&lt;?xml version=&quot;1.0&quot;?&gt;&lt;msg&gt;&lt;img aeskey=&quot;7fb9e94ca61dc74acf7a07ed783bae3e&quot; encryver=&quot;1&quot; cdnthumbaeskey=&quot;7fb9e94ca61dc74acf7a07ed783bae3e&quot; cdnthumburl=&quot;3057020100044b304902010002041bb4458402032dd0eb02045b01a275020468403725042438363930316466612d356630362d343162342d396661392d3233663866333734366530300204011818020201000405004c4d3700&quot; cdnthumblength=&quot;8171&quot; cdnthumbheight=&quot;79&quot; cdnthumbwidth=&quot;150&quot; cdnmidheight=&quot;0&quot; cdnmidwidth=&quot;0&quot; cdnhdheight=&quot;0&quot; cdnhdwidth=&quot;0&quot; cdnmidimgurl=&quot;3057020100044b304902010002041bb4458402032dd0eb02045b01a275020468403725042438363930316466612d356630362d343162342d396661392d3233663866333734366530300204011818020201000405004c4d3700&quot; length=&quot;124132&quot; md5=&quot;b0550334e00c7775e26b2cf9d6fb7620&quot; hevc_mid_size=&quot;0&quot; originsourcemd5=&quot;b0550334e00c7775e26b2cf9d6fb7620&quot;/&gt;&lt;/msg&gt;</content>
        </refermsg>
        <extinfo></extinfo>
        <sourceusername></sourceusername>
        <sourcedisplayname></sourcedisplayname>
        <commenturl></commenturl>
        <appattach>
            <totallen>0</totallen>
            <attachid></attachid>
            <emoticonmd5></emoticonmd5>
            <fileext></fileext>
            <aeskey></aeskey>
        </appattach>
        <webviewshared>
            <publisherId></publisherId>
            <publisherReqId>0</publisherReqId>
        </webviewshared>
        <weappinfo>
            <pagepath></pagepath>
            <username></username>
            <appid></appid>
            <appservicetype>0</appservicetype>
        </weappinfo>
        <websearch />
    </appmsg>
    <appinfo>
        <version>1</version>
        <appname>Window wechat</appname>
    </appinfo>
</msg>


引用消息解析错误
Traceback (most recent call last):
  File "app\util\compress_content.py", line 94, in parser_reply
AttributeError: 'NoneType' object has no attribute 'text'

2026-01-16 01:26:55,014 - compress_content.py[line:167] - ERROR: <msg>
    <fromusername>wxid_ay3fjrlx6rag22</fromusername>
    <scene>0</scene>
    <commenturl></commenturl>
    <appmsg appid="" sdkver="0">
        <title>好</title>
        <des></des>
        <action>view</action>
        <type>57</type>
        <showtype>0</showtype>
        <content></content>
        <url></url>
        <dataurl></dataurl>
        <lowurl></lowurl>
        <lowdataurl></lowdataurl>
        <recorditem></recorditem>
        <thumburl></thumburl>
        <messageaction></messageaction>
        <laninfo></laninfo>
        <refermsg>
            <type>1</type>
            <svrid>244896659732868051</svrid>
            <fromusr>wxid_bwj32t63pxc222</fromusr>
            <chatusr />
            <createtime>1753012680</createtime>
            <msgsource>&lt;msgsource&gt;&#x0A;    &lt;pua&gt;1&lt;/pua&gt;&#x0A;    &lt;eggIncluded&gt;1&lt;/eggIncluded&gt;&#x0A;    &lt;signature&gt;N0_V1_oVDzIwK5|v1_zKZLfkiW&lt;/signature&gt;&#x0A;    &lt;tmp_node&gt;&#x0A;        &lt;publisher-id /&gt;&#x0A;    &lt;/tmp_node&gt;&#x0A;    &lt;sec_msg_node&gt;&#x0A;        &lt;alnode&gt;&#x0A;            &lt;fr&gt;1&lt;/fr&gt;&#x0A;        &lt;/alnode&gt;&#x0A;    &lt;/sec_msg_node&gt;&#x0A;&lt;/msgsource&gt;&#x0A;</msgsource>
            <content>好，我明天建个群</content>
        </refermsg>
        <extinfo></extinfo>
        <sourceusername></sourceusername>
        <sourcedisplayname></sourcedisplayname>
        <commenturl></commenturl>
        <appattach>
            <totallen>0</totallen>
            <attachid></attachid>
            <emoticonmd5></emoticonmd5>
            <fileext></fileext>
            <aeskey></aeskey>
        </appattach>
        <webviewshared>
            <publisherId></publisherId>
            <publisherReqId>0</publisherReqId>
        </webviewshared>
        <weappinfo>
            <pagepath></pagepath>
            <username></username>
            <appid></appid>
            <appservicetype>0</appservicetype>
        </weappinfo>
        <websearch />
    </appmsg>
    <appinfo>
        <version>1</version>
        <appname>Window wechat</appname>
    </appinfo>
</msg>


引用消息解析错误
Traceback (most recent call last):
  File "app\util\compress_content.py", line 94, in parser_reply
AttributeError: 'NoneType' object has no attribute 'text'

2026-01-16 01:29:51,103 - compress_content.py[line:167] - ERROR: <?xml version="1.0"?>
<msg>
	<appmsg appid="" sdkver="0">
		<title>对的每个月都要</title>
		<type>57</type>
		<appattach>
			<cdnthumbaeskey />
			<aeskey />
		</appattach>
	</appmsg>
	<fromusername>wxid_qd7bt8scke3522</fromusername>
	<scene>0</scene>
	<appinfo>
		<version>1</version>
		<appname></appname>
	</appinfo>
	<commenturl></commenturl>
</msg>


引用消息解析错误
Traceback (most recent call last):
  File "app\util\compress_content.py", line 92, in parser_reply
AttributeError: 'NoneType' object has no attribute 'find'

